2024-11-07 11:05:31 INFO  c.j.m.service.CustomerService - Adding customer: com.jalasoft.movierental.entity.Customer@97e93f1
2024-11-07 11:06:00 ERROR c.j.m.e.h.CustomExceptionHandler - An unexpected error occurred: No enum constant com.jalasoft.movierental.entity.movies.MovieType.X
java.lang.IllegalArgumentException: No enum constant com.jalasoft.movierental.entity.movies.MovieType.X
	at java.base/java.lang.Enum.valueOf(Enum.java:273)
	at com.jalasoft.movierental.entity.movies.MovieType.valueOf(MovieType.java:6)
	at com.jalasoft.movierental.controller.MenuController.addMovie(MenuController.java:86)
	at com.jalasoft.movierental.controller.MenuController.displayMenu(MenuController.java:57)
	at com.jalasoft.movierental.MovieRentalApp.run(MovieRentalApp.java:27)
	at com.jalasoft.movierental.Main.main(Main.java:11)
2024-11-07 11:12:16 INFO  c.j.m.service.CustomerService - Adding customer: com.jalasoft.movierental.entity.Customer@97e93f1
2024-11-07 11:12:23 ERROR c.j.m.e.h.CustomExceptionHandler - An unexpected error occurred: No enum constant com.jalasoft.movierental.entity.movies.MovieType.X
java.lang.IllegalArgumentException: No enum constant com.jalasoft.movierental.entity.movies.MovieType.X
	at java.base/java.lang.Enum.valueOf(Enum.java:273)
	at com.jalasoft.movierental.entity.movies.MovieType.valueOf(MovieType.java:6)
	at com.jalasoft.movierental.controller.MenuController.addMovie(MenuController.java:91)
	at com.jalasoft.movierental.controller.MenuController.displayMenu(MenuController.java:59)
	at com.jalasoft.movierental.MovieRentalApp.run(MovieRentalApp.java:26)
	at com.jalasoft.movierental.Main.main(Main.java:11)
2024-11-07 11:13:16 INFO  c.j.movierental.service.MovieService - Adding movie: com.jalasoft.movierental.entity.movies.RegularMovie@20bd8be5
2024-11-07 11:14:00 INFO  c.j.m.service.RentalService - Adding rental: com.jalasoft.movierental.entity.Rental@7d7758be
2024-11-07 11:32:47 INFO  c.j.m.service.CustomerService - Adding customer: com.jalasoft.movierental.entity.Customer@97e93f1
2024-11-07 11:33:25 ERROR c.j.m.e.h.CustomExceptionHandler - An unexpected error occurred: No enum constant com.jalasoft.movierental.entity.movies.MovieType.X
java.lang.IllegalArgumentException: No enum constant com.jalasoft.movierental.entity.movies.MovieType.X
	at java.base/java.lang.Enum.valueOf(Enum.java:273)
	at com.jalasoft.movierental.entity.movies.MovieType.valueOf(MovieType.java:6)
	at com.jalasoft.movierental.controller.MenuController.addMovie(MenuController.java:95)
	at com.jalasoft.movierental.controller.MenuController.displayMenu(MenuController.java:60)
	at com.jalasoft.movierental.MovieRentalApp.run(MovieRentalApp.java:25)
	at com.jalasoft.movierental.Main.main(Main.java:11)
2024-11-07 11:34:20 INFO  c.j.movierental.service.MovieService - Adding movie: com.jalasoft.movierental.entity.movies.RegularMovie@20bd8be5
2024-11-07 11:35:07 INFO  c.j.m.service.RentalService - Adding rental: com.jalasoft.movierental.entity.Rental@7d7758be
